#! /usr/local/bin/vvp
:ivl_version "11.0 (stable)" "(v11_0)";
:ivl_delay_selection "TYPICAL";
:vpi_time_precision + 0;
:vpi_module "/usr/local/lib/ivl/system.vpi";
:vpi_module "/usr/local/lib/ivl/vhdl_sys.vpi";
:vpi_module "/usr/local/lib/ivl/vhdl_textio.vpi";
:vpi_module "/usr/local/lib/ivl/v2005_math.vpi";
:vpi_module "/usr/local/lib/ivl/va_math.vpi";
S_0x4000337360 .scope module, "LOOPaugmentstepdown" "LOOPaugmentstepdown" 2 107;
 .timescale 0 0;
    .port_info 0 /INOUT 1 "SW";
    .port_info 1 /INOUT 5 "tmi";
    .port_info 2 /INPUT 1 "MUDV";
    .port_info 3 /INPUT 1 "porb";
    .port_info 4 /INPUT 1 "CBOOT";
    .port_info 5 /INOUT 1 "PMUDG";
    .port_info 6 /INPUT 1 "PMUDV";
    .port_info 7 /INPUT 1 "TAEXT";
    .port_info 8 /INPUT 1 "clock";
    .port_info 9 /INOUT 1 "PMUDHV";
    .port_info 10 /INPUT 1 "CELG59462";
    .port_info 11 /INPUT 1 "CELV96848";
    .port_info 12 /OUTPUT 1 "ok_driver";
    .port_info 13 /INPUT 1 "sense_OUT";
    .port_info 14 /INPUT 1 "CELREF84329";
    .port_info 15 /INPUT 1 "CELSUB40948";
    .port_info 16 /INOUT 1 "kelvin_MUDG";
    .port_info 17 /OUTPUT 1 "ok_feedback";
    .port_info 18 /OUTPUT 1 "ilimit_fault";
    .port_info 19 /INOUT 1 "FB_REGULATION";
    .port_info 20 /INPUT 1 "enable_driver";
    .port_info 21 /OUTPUT 1 "ok_regulation";
    .port_info 22 /INPUT 1 "REF_REGULATION";
    .port_info 23 /INPUT 1 "VSS_REGULATION";
    .port_info 24 /INPUT 1 "IREF_REGULATION";
    .port_info 25 /INPUT 1 "enable_feedback";
    .port_info 26 /INPUT 1 "enable_regulation";
    .port_info 27 /INPUT 1 "IP_XLOOP_XREGULATION_XU2_XU1";
    .port_info 28 /INPUT 1 "IP_XLOOP_XREGULATION_XU2_XU3";
    .port_info 29 /INPUT 1 "IP_XLOOP_XREGULATION_XU2_XU9";
    .port_info 30 /INPUT 1 "IP_XLOOP_XREGULATION_XU2_XU21";
    .port_info 31 /INPUT 1 "IP_XLOOP_XREGULATION_XU2_XU36";
    .port_info 32 /INPUT 1 "IP_XLOOP_XREGULATION_XU2_XU42";
    .port_info 33 /INPUT 1 "IP_XLOOP_XDRIVER_XBOTDRIVER_XBOTSWILIM";
    .port_info 34 /INPUT 1 "IP_XLOOP_XDRIVER_XBOTDRIVER_XBOTSWZERO";
o0x400253a858 .functor BUFZ 1, C4<z>; HiZ drive
v0x4000361d40_0 .net "CBOOT", 0 0, o0x400253a858;  0 drivers
o0x400253a018 .functor BUFZ 1, C4<z>; HiZ drive
v0x4000361e00_0 .net "CELG59462", 0 0, o0x400253a018;  0 drivers
o0x400253b188 .functor BUFZ 1, C4<z>; HiZ drive
v0x4000361ea0_0 .net "CELREF84329", 0 0, o0x400253b188;  0 drivers
o0x400253a048 .functor BUFZ 1, C4<z>; HiZ drive
v0x4000361fa0_0 .net "CELSUB40948", 0 0, o0x400253a048;  0 drivers
o0x400253a078 .functor BUFZ 1, C4<z>; HiZ drive
v0x4000362040_0 .net "CELV96848", 0 0, o0x400253a078;  0 drivers
o0x400253aeb8 .functor BUFZ 1, C4<z>; HiZ drive
v0x40003620e0_0 .net "FB_REGULATION", 0 0, o0x400253aeb8;  0 drivers
o0x400253a888 .functor BUFZ 1, C4<z>; HiZ drive
v0x40003621d0_0 .net "IP_XLOOP_XDRIVER_XBOTDRIVER_XBOTSWILIM", 0 0, o0x400253a888;  0 drivers
o0x400253a8b8 .functor BUFZ 1, C4<z>; HiZ drive
v0x4000362270_0 .net "IP_XLOOP_XDRIVER_XBOTDRIVER_XBOTSWZERO", 0 0, o0x400253a8b8;  0 drivers
o0x400253b1b8 .functor BUFZ 1, C4<z>; HiZ drive
v0x4000362310_0 .net "IP_XLOOP_XREGULATION_XU2_XU1", 0 0, o0x400253b1b8;  0 drivers
o0x400253b1e8 .functor BUFZ 1, C4<z>; HiZ drive
v0x40003623e0_0 .net "IP_XLOOP_XREGULATION_XU2_XU21", 0 0, o0x400253b1e8;  0 drivers
o0x400253b218 .functor BUFZ 1, C4<z>; HiZ drive
v0x40003624b0_0 .net "IP_XLOOP_XREGULATION_XU2_XU3", 0 0, o0x400253b218;  0 drivers
o0x400253b248 .functor BUFZ 1, C4<z>; HiZ drive
v0x4000362580_0 .net "IP_XLOOP_XREGULATION_XU2_XU36", 0 0, o0x400253b248;  0 drivers
o0x400253b278 .functor BUFZ 1, C4<z>; HiZ drive
v0x4000362650_0 .net "IP_XLOOP_XREGULATION_XU2_XU42", 0 0, o0x400253b278;  0 drivers
o0x400253b2a8 .functor BUFZ 1, C4<z>; HiZ drive
v0x4000362720_0 .net "IP_XLOOP_XREGULATION_XU2_XU9", 0 0, o0x400253b2a8;  0 drivers
o0x400253b2d8 .functor BUFZ 1, C4<z>; HiZ drive
v0x40003627f0_0 .net "IREF_REGULATION", 0 0, o0x400253b2d8;  0 drivers
o0x400253a918 .functor BUFZ 1, C4<z>; HiZ drive
v0x40003628c0_0 .net "MUDV", 0 0, o0x400253a918;  0 drivers
o0x400253a948 .functor BUFZ 1, C4<z>; HiZ drive
v0x4000362960_0 .net "PMUDG", 0 0, o0x400253a948;  0 drivers
o0x400253a978 .functor BUFZ 1, C4<z>; HiZ drive
v0x4000362b10_0 .net "PMUDHV", 0 0, o0x400253a978;  0 drivers
o0x400253a9a8 .functor BUFZ 1, C4<z>; HiZ drive
v0x4000362be0_0 .net "PMUDV", 0 0, o0x400253a9a8;  0 drivers
o0x400253b308 .functor BUFZ 1, C4<z>; HiZ drive
v0x4000362cb0_0 .net "REF_REGULATION", 0 0, o0x400253b308;  0 drivers
o0x400253a9d8 .functor BUFZ 1, C4<z>; HiZ drive
v0x4000362d80_0 .net "SW", 0 0, o0x400253a9d8;  0 drivers
o0x400253aa08 .functor BUFZ 1, C4<z>; HiZ drive
v0x4000362e50_0 .net "TAEXT", 0 0, o0x400253aa08;  0 drivers
o0x400253b338 .functor BUFZ 1, C4<z>; HiZ drive
v0x4000362f40_0 .net "VSS_REGULATION", 0 0, o0x400253b338;  0 drivers
o0x400253a0d8 .functor BUFZ 1, C4<z>; HiZ drive
v0x4000362fe0_0 .net "clock", 0 0, o0x400253a0d8;  0 drivers
o0x400253a138 .functor BUFZ 1, C4<z>; HiZ drive
v0x40003630b0_0 .net "enable_driver", 0 0, o0x400253a138;  0 drivers
o0x400253aee8 .functor BUFZ 1, C4<z>; HiZ drive
v0x4000363180_0 .net "enable_feedback", 0 0, o0x400253aee8;  0 drivers
o0x400253b368 .functor BUFZ 1, C4<z>; HiZ drive
v0x4000363250_0 .net "enable_regulation", 0 0, o0x400253b368;  0 drivers
o0x400253a4f8 .functor BUFZ 1, C4<z>; HiZ drive
v0x4000363320_0 .net "ilimit_fault", 0 0, o0x400253a4f8;  0 drivers
o0x400253af18 .functor BUFZ 1, C4<z>; HiZ drive
v0x4000363410_0 .net "kelvin_MUDG", 0 0, o0x400253af18;  0 drivers
o0x400253a198 .functor BUFZ 1, C4<z>; HiZ drive
v0x4000363500_0 .net "net_100", 0 0, o0x400253a198;  0 drivers
o0x400253a168 .functor BUFZ 1, C4<z>; HiZ drive
v0x40003635f0_0 .net "net_101", 0 0, o0x400253a168;  0 drivers
o0x400253a0a8 .functor BUFZ 1, C4<z>; HiZ drive
v0x40003636e0_0 .net "net_103", 0 0, o0x400253a0a8;  0 drivers
o0x400253a8e8 .functor BUFZ 1, C4<z>; HiZ drive
v0x4000363780_0 .net "net_111", 0 0, o0x400253a8e8;  0 drivers
o0x400253a528 .functor BUFZ 1, C4<z>; HiZ drive
v0x4000363a80_0 .net "net_120", 0 0, o0x400253a528;  0 drivers
o0x400253a4c8 .functor BUFZ 1, C4<z>; HiZ drive
v0x4000363b70_0 .net "net_121", 0 0, o0x400253a4c8;  0 drivers
o0x400253a3a8 .functor BUFZ 1, C4<z>; HiZ drive
v0x4000363c60_0 .net "net_122", 0 0, o0x400253a3a8;  0 drivers
o0x400253a378 .functor BUFZ 1, C4<z>; HiZ drive
v0x4000363d50_0 .net "net_123", 0 0, o0x400253a378;  0 drivers
o0x400253a3d8 .functor BUFZ 1, C4<z>; HiZ drive
v0x4000363e40_0 .net "net_124", 0 0, o0x400253a3d8;  0 drivers
o0x400253a408 .functor BUFZ 1, C4<z>; HiZ drive
v0x4000363f30_0 .net "net_125", 0 0, o0x400253a408;  0 drivers
o0x400253a438 .functor BUFZ 1, C4<z>; HiZ drive
v0x4000364020_0 .net "net_93", 0 0, o0x400253a438;  0 drivers
o0x400253a108 .functor BUFZ 1, C4<z>; HiZ drive
v0x4000364110_0 .net "net_97", 0 0, o0x400253a108;  0 drivers
o0x400253a468 .functor BUFZ 1, C4<z>; HiZ drive
v0x40003641b0_0 .net "ok_driver", 0 0, o0x400253a468;  0 drivers
o0x400253af48 .functor BUFZ 1, C4<z>; HiZ drive
v0x40003642a0_0 .net "ok_feedback", 0 0, o0x400253af48;  0 drivers
o0x400253b398 .functor BUFZ 1, C4<z>; HiZ drive
v0x4000364340_0 .net "ok_regulation", 0 0, o0x400253b398;  0 drivers
o0x400253a498 .functor BUFZ 1, C4<z>; HiZ drive
v0x40003643e0_0 .net "porb", 0 0, o0x400253a498;  0 drivers
o0x400253af78 .functor BUFZ 1, C4<z>; HiZ drive
v0x4000364480_0 .net "sense_OUT", 0 0, o0x400253af78;  0 drivers
o0x400253aa38 .functor BUFZ 5, C4<zzzzz>; HiZ drive
v0x4000364520_0 .net "tmi", 4 0, o0x400253aa38;  0 drivers
S_0x40003374f0 .scope module, "XATE" "STATEDRIVERate_XLOOP_XATE" 2 149, 2 2 0, S_0x4000337360;
 .timescale 0 0;
    .port_info 0 /OUTPUT 1 "go";
    .port_info 1 /OUTPUT 1 "clock";
    .port_info 2 /OUTPUT 1 "enable";
    .port_info 3 /INPUT 1 "CELG59462";
    .port_info 4 /INPUT 1 "CELV96848";
    .port_info 5 /INPUT 1 "go_driver";
    .port_info 6 /INPUT 1 "CELSUB40948";
    .port_info 7 /INPUT 1 "clock_driver";
    .port_info 8 /INPUT 1 "enable_driver";
v0x40002f3ec0_0 .net "CELG59462", 0 0, o0x400253a018;  alias, 0 drivers
v0x400035c480_0 .net "CELSUB40948", 0 0, o0x400253a048;  alias, 0 drivers
v0x400035c540_0 .net "CELV96848", 0 0, o0x400253a078;  alias, 0 drivers
v0x400035c5e0_0 .net "clock", 0 0, o0x400253a0a8;  alias, 0 drivers
v0x400035c6a0_0 .net "clock_driver", 0 0, o0x400253a0d8;  alias, 0 drivers
v0x400035c760_0 .net "enable", 0 0, o0x400253a108;  alias, 0 drivers
v0x400035c820_0 .net "enable_driver", 0 0, o0x400253a138;  alias, 0 drivers
v0x400035c8e0_0 .net "go", 0 0, o0x400253a168;  alias, 0 drivers
v0x400035c9a0_0 .net "go_driver", 0 0, o0x400253a198;  alias, 0 drivers
S_0x400035cb80 .scope module, "XCONTROL" "STEPDOWNalgorithmCONTROL0p2_PYES_XLOOP_XCONTROL" 2 161, 2 14 0, S_0x4000337360;
 .timescale 0 0;
    .port_info 0 /INPUT 1 "porb";
    .port_info 1 /INPUT 1 "clock";
    .port_info 2 /OUTPUT 1 "botstate";
    .port_info 3 /OUTPUT 1 "topstate";
    .port_info 4 /INPUT 1 "CELG59462";
    .port_info 5 /INPUT 1 "CELV96848";
    .port_info 6 /INPUT 1 "go_driver";
    .port_info 7 /INPUT 1 "ok_driver";
    .port_info 8 /INPUT 1 "botswipeak";
    .port_info 9 /INPUT 1 "topswipeak";
    .port_info 10 /INPUT 1 "CELSUB40948";
    .port_info 11 /INPUT 1 "botswstatus";
    .port_info 12 /INPUT 1 "botswzcross";
    .port_info 13 /INPUT 1 "topswstatus";
    .port_info 14 /INPUT 1 "enable_driver";
    .port_info 15 /OUTPUT 1 "fault_control";
v0x400035cec0_0 .net "CELG59462", 0 0, o0x400253a018;  alias, 0 drivers
v0x400035cf60_0 .net "CELSUB40948", 0 0, o0x400253a048;  alias, 0 drivers
v0x400035d030_0 .net "CELV96848", 0 0, o0x400253a078;  alias, 0 drivers
v0x400035d130_0 .net "botstate", 0 0, o0x400253a378;  alias, 0 drivers
v0x400035d1d0_0 .net "botswipeak", 0 0, o0x400253a3a8;  alias, 0 drivers
v0x400035d2c0_0 .net "botswstatus", 0 0, o0x400253a3d8;  alias, 0 drivers
v0x400035d360_0 .net "botswzcross", 0 0, o0x400253a408;  alias, 0 drivers
v0x400035d400_0 .net "clock", 0 0, o0x400253a0a8;  alias, 0 drivers
v0x400035d4a0_0 .net "enable_driver", 0 0, o0x400253a108;  alias, 0 drivers
v0x400035d570_0 .net "fault_control", 0 0, o0x400253a438;  alias, 0 drivers
v0x400035d610_0 .net "go_driver", 0 0, o0x400253a168;  alias, 0 drivers
v0x400035d6e0_0 .net "ok_driver", 0 0, o0x400253a468;  alias, 0 drivers
v0x400035d780_0 .net "porb", 0 0, o0x400253a498;  alias, 0 drivers
v0x400035d820_0 .net "topstate", 0 0, o0x400253a4c8;  alias, 0 drivers
v0x400035d8e0_0 .net "topswipeak", 0 0, o0x400253a4f8;  alias, 0 drivers
v0x400035d9a0_0 .net "topswstatus", 0 0, o0x400253a528;  alias, 0 drivers
S_0x400035dc60 .scope module, "XDRIVER" "MUDdriverSdAugment_XLOOP_XDRIVER" 2 180, 2 33 0, S_0x4000337360;
 .timescale 0 0;
    .port_info 0 /INOUT 1 "SW";
    .port_info 1 /INOUT 5 "tmi";
    .port_info 2 /INPUT 1 "MUDV";
    .port_info 3 /INPUT 1 "CBOOT";
    .port_info 4 /INOUT 1 "PMUDG";
    .port_info 5 /INPUT 1 "PMUDV";
    .port_info 6 /INPUT 1 "TAEXT";
    .port_info 7 /INOUT 1 "PMUDHV";
    .port_info 8 /INPUT 1 "botstate";
    .port_info 9 /INPUT 1 "topstate";
    .port_info 10 /INPUT 1 "CELG59462";
    .port_info 11 /INPUT 1 "CELV96848";
    .port_info 12 /OUTPUT 1 "ok_driver";
    .port_info 13 /OUTPUT 1 "botswipeak";
    .port_info 14 /OUTPUT 1 "topswipeak";
    .port_info 15 /INPUT 1 "CELSUB40948";
    .port_info 16 /INPUT 1 "IREF_DRIVER";
    .port_info 17 /OUTPUT 1 "botswstatus";
    .port_info 18 /OUTPUT 1 "botswzcross";
    .port_info 19 /OUTPUT 1 "topswstatus";
    .port_info 20 /INPUT 1 "enable_driver";
    .port_info 21 /INPUT 1 "IP_XLOOP_XDRIVER_XBOTDRIVER_XBOTSWILIM";
    .port_info 22 /INPUT 1 "IP_XLOOP_XDRIVER_XBOTDRIVER_XBOTSWZERO";
v0x400035e050_0 .net "CBOOT", 0 0, o0x400253a858;  alias, 0 drivers
v0x400035e110_0 .net "CELG59462", 0 0, o0x400253a018;  alias, 0 drivers
v0x400035e220_0 .net "CELSUB40948", 0 0, o0x400253a048;  alias, 0 drivers
v0x400035e310_0 .net "CELV96848", 0 0, o0x400253a078;  alias, 0 drivers
v0x400035e400_0 .net "IP_XLOOP_XDRIVER_XBOTDRIVER_XBOTSWILIM", 0 0, o0x400253a888;  alias, 0 drivers
v0x400035e4f0_0 .net "IP_XLOOP_XDRIVER_XBOTDRIVER_XBOTSWZERO", 0 0, o0x400253a8b8;  alias, 0 drivers
v0x400035e590_0 .net "IREF_DRIVER", 0 0, o0x400253a8e8;  alias, 0 drivers
v0x400035e650_0 .net "MUDV", 0 0, o0x400253a918;  alias, 0 drivers
v0x400035e710_0 .net "PMUDG", 0 0, o0x400253a948;  alias, 0 drivers
v0x400035e7d0_0 .net "PMUDHV", 0 0, o0x400253a978;  alias, 0 drivers
v0x400035e890_0 .net "PMUDV", 0 0, o0x400253a9a8;  alias, 0 drivers
v0x400035e950_0 .net "SW", 0 0, o0x400253a9d8;  alias, 0 drivers
v0x400035ea10_0 .net "TAEXT", 0 0, o0x400253aa08;  alias, 0 drivers
v0x400035ead0_0 .net "botstate", 0 0, o0x400253a378;  alias, 0 drivers
v0x400035eb70_0 .net "botswipeak", 0 0, o0x400253a3a8;  alias, 0 drivers
v0x400035ec10_0 .net "botswstatus", 0 0, o0x400253a3d8;  alias, 0 drivers
v0x400035ecb0_0 .net "botswzcross", 0 0, o0x400253a408;  alias, 0 drivers
v0x400035ee90_0 .net "enable_driver", 0 0, o0x400253a108;  alias, 0 drivers
v0x400035ef30_0 .net "ok_driver", 0 0, o0x400253a468;  alias, 0 drivers
v0x400035efd0_0 .net "tmi", 4 0, o0x400253aa38;  alias, 0 drivers
v0x400035f070_0 .net "topstate", 0 0, o0x400253a4c8;  alias, 0 drivers
v0x400035f140_0 .net "topswipeak", 0 0, o0x400253a4f8;  alias, 0 drivers
v0x400035f210_0 .net "topswstatus", 0 0, o0x400253a528;  alias, 0 drivers
S_0x400035f500 .scope module, "XFEEDBACK" "FEEDBACKaugmentstepdown_XLOOP_XFEEDBACK" 2 206, 2 59 0, S_0x4000337360;
 .timescale 0 0;
    .port_info 0 /OUTPUT 1 "FBI";
    .port_info 1 /INOUT 5 "tmi";
    .port_info 2 /INPUT 1 "CELG59462";
    .port_info 3 /INPUT 1 "CELV96848";
    .port_info 4 /INPUT 1 "sense_OUT";
    .port_info 5 /INPUT 1 "CELSUB40948";
    .port_info 6 /INPUT 1 "kelvin_MUDG";
    .port_info 7 /OUTPUT 1 "ok_feedback";
    .port_info 8 /INPUT 1 "enable_feedback";
v0x400035f810_0 .net "CELG59462", 0 0, o0x400253a018;  alias, 0 drivers
v0x400035f8d0_0 .net "CELSUB40948", 0 0, o0x400253a048;  alias, 0 drivers
v0x400035f990_0 .net "CELV96848", 0 0, o0x400253a078;  alias, 0 drivers
v0x400035fa60_0 .net "FBI", 0 0, o0x400253aeb8;  alias, 0 drivers
v0x400035fb00_0 .net "enable_feedback", 0 0, o0x400253aee8;  alias, 0 drivers
v0x400035fbf0_0 .net "kelvin_MUDG", 0 0, o0x400253af18;  alias, 0 drivers
v0x400035fcb0_0 .net "ok_feedback", 0 0, o0x400253af48;  alias, 0 drivers
v0x400035fd70_0 .net "sense_OUT", 0 0, o0x400253af78;  alias, 0 drivers
v0x400035fe30_0 .net "tmi", 4 0, o0x400253aa38;  alias, 0 drivers
S_0x400035fff0 .scope module, "XNC93" "STONEnoconn" 2 244, 2 100 0, S_0x4000337360;
 .timescale 0 0;
    .port_info 0 /INPUT 1 "noconn";
v0x4000360210_0 .net "noconn", 0 0, o0x400253a438;  alias, 0 drivers
S_0x40003602f0 .scope module, "XREGULATION" "REGULATIONaugmentfixedfreq_XLOOP_XREGULATION" 2 218, 2 71 0, S_0x4000337360;
 .timescale 0 0;
    .port_info 0 /INOUT 5 "tmi";
    .port_info 1 /INPUT 1 "MUDV";
    .port_info 2 /INPUT 1 "TAEXT";
    .port_info 3 /INPUT 1 "CELG59462";
    .port_info 4 /INPUT 1 "CELV96848";
    .port_info 5 /OUTPUT 1 "go_driver";
    .port_info 6 /INPUT 1 "CELREF84329";
    .port_info 7 /INPUT 1 "CELSUB40948";
    .port_info 8 /INOUT 1 "IREF_DRIVER";
    .port_info 9 /INOUT 1 "kelvin_MUDG";
    .port_info 10 /INOUT 1 "FB_REGULATION";
    .port_info 11 /OUTPUT 1 "ok_regulation";
    .port_info 12 /INPUT 1 "REF_REGULATION";
    .port_info 13 /INPUT 1 "VSS_REGULATION";
    .port_info 14 /INPUT 1 "IREF_REGULATION";
    .port_info 15 /INPUT 1 "clock_regulation";
    .port_info 16 /INPUT 1 "enable_regulation";
    .port_info 17 /INPUT 1 "IP_XLOOP_XREGULATION_XU2_XU1";
    .port_info 18 /INPUT 1 "IP_XLOOP_XREGULATION_XU2_XU3";
    .port_info 19 /INPUT 1 "IP_XLOOP_XREGULATION_XU2_XU9";
    .port_info 20 /INPUT 1 "IP_XLOOP_XREGULATION_XU2_XU21";
    .port_info 21 /INPUT 1 "IP_XLOOP_XREGULATION_XU2_XU36";
    .port_info 22 /INPUT 1 "IP_XLOOP_XREGULATION_XU2_XU42";
v0x4000360700_0 .net "CELG59462", 0 0, o0x400253a018;  alias, 0 drivers
v0x4000360830_0 .net "CELREF84329", 0 0, o0x400253b188;  alias, 0 drivers
v0x40003608f0_0 .net "CELSUB40948", 0 0, o0x400253a048;  alias, 0 drivers
v0x4000360a50_0 .net "CELV96848", 0 0, o0x400253a078;  alias, 0 drivers
v0x4000360b80_0 .net "FB_REGULATION", 0 0, o0x400253aeb8;  alias, 0 drivers
v0x4000360c20_0 .net "IP_XLOOP_XREGULATION_XU2_XU1", 0 0, o0x400253b1b8;  alias, 0 drivers
v0x4000360cc0_0 .net "IP_XLOOP_XREGULATION_XU2_XU21", 0 0, o0x400253b1e8;  alias, 0 drivers
v0x4000360d60_0 .net "IP_XLOOP_XREGULATION_XU2_XU3", 0 0, o0x400253b218;  alias, 0 drivers
v0x4000360e20_0 .net "IP_XLOOP_XREGULATION_XU2_XU36", 0 0, o0x400253b248;  alias, 0 drivers
v0x4000360f70_0 .net "IP_XLOOP_XREGULATION_XU2_XU42", 0 0, o0x400253b278;  alias, 0 drivers
v0x4000361030_0 .net "IP_XLOOP_XREGULATION_XU2_XU9", 0 0, o0x400253b2a8;  alias, 0 drivers
v0x40003610f0_0 .net "IREF_DRIVER", 0 0, o0x400253a8e8;  alias, 0 drivers
v0x40003611c0_0 .net "IREF_REGULATION", 0 0, o0x400253b2d8;  alias, 0 drivers
v0x4000361260_0 .net "MUDV", 0 0, o0x400253a918;  alias, 0 drivers
v0x4000361330_0 .net "REF_REGULATION", 0 0, o0x400253b308;  alias, 0 drivers
v0x40003613d0_0 .net "TAEXT", 0 0, o0x400253aa08;  alias, 0 drivers
v0x40003614a0_0 .net "VSS_REGULATION", 0 0, o0x400253b338;  alias, 0 drivers
v0x4000361650_0 .net "clock_regulation", 0 0, o0x400253a0a8;  alias, 0 drivers
v0x40003616f0_0 .net "enable_regulation", 0 0, o0x400253b368;  alias, 0 drivers
v0x40003617b0_0 .net "go_driver", 0 0, o0x400253a198;  alias, 0 drivers
v0x4000361850_0 .net "kelvin_MUDG", 0 0, o0x400253af18;  alias, 0 drivers
v0x4000361920_0 .net "ok_regulation", 0 0, o0x400253b398;  alias, 0 drivers
v0x40003619c0_0 .net "tmi", 4 0, o0x400253aa38;  alias, 0 drivers
# The file index is used to find the file name in the following table.
:file_names 3;
    "N/A";
    "<interactive>";
    "/celera/projects/Sunnyvale/software/LOOPaugmentstepdown0/verilog8/LOOPaugmentstepdown.v";
